0 info it worked if it ends with ok
1 verbose cli [ '/usr/local/Cellar/node@5/5.12.0/bin/node',
1 verbose cli   '/usr/local/bin/npm',
1 verbose cli   'start',
1 verbose cli   'server.js' ]
2 info using npm@3.8.6
3 info using node@v5.12.0
4 verbose run-script [ 'prestart', 'start', 'poststart' ]
5 info lifecycle atulserver@1.0.0~prestart: atulserver@1.0.0
6 silly lifecycle atulserver@1.0.0~prestart: no script for prestart, continuing
7 info lifecycle atulserver@1.0.0~start: atulserver@1.0.0
8 verbose lifecycle atulserver@1.0.0~start: unsafe-perm in lifecycle true
9 verbose lifecycle atulserver@1.0.0~start: PATH: /usr/local/lib/node_modules/npm/bin/node-gyp-bin:/Users/22arsh/Desktop/atulserver/node_modules/.bin:/usr/local/Cellar/node@5/5.12.0/bin:/usr/local/bin:/usr/bin:/bin:/usr/sbin:/sbin:/usr/local/Cellar/maven32/3.2.5/libexec/bin:/Users/22arsh/projects/Softwares/grails-2.4.3/bin
10 verbose lifecycle atulserver@1.0.0~start: CWD: /Users/22arsh/Desktop/atulserver
11 silly lifecycle atulserver@1.0.0~start: Args: [ '-c', 'node server.js "server.js"' ]
12 silly lifecycle atulserver@1.0.0~start: Returned: code: 1  signal: null
13 info lifecycle atulserver@1.0.0~start: Failed to exec start script
14 verbose stack Error: atulserver@1.0.0 start: `node server.js "server.js"`
14 verbose stack Exit status 1
14 verbose stack     at EventEmitter.<anonymous> (/usr/local/lib/node_modules/npm/lib/utils/lifecycle.js:239:16)
14 verbose stack     at emitTwo (events.js:100:13)
14 verbose stack     at EventEmitter.emit (events.js:185:7)
14 verbose stack     at ChildProcess.<anonymous> (/usr/local/lib/node_modules/npm/lib/utils/spawn.js:24:14)
14 verbose stack     at emitTwo (events.js:100:13)
14 verbose stack     at ChildProcess.emit (events.js:185:7)
14 verbose stack     at maybeClose (internal/child_process.js:850:16)
14 verbose stack     at Process.ChildProcess._handle.onexit (internal/child_process.js:215:5)
15 verbose pkgid atulserver@1.0.0
16 verbose cwd /Users/22arsh/Desktop/atulserver
17 error Darwin 16.0.0
18 error argv "/usr/local/Cellar/node@5/5.12.0/bin/node" "/usr/local/bin/npm" "start" "server.js"
19 error node v5.12.0
20 error npm  v3.8.6
21 error code ELIFECYCLE
22 error atulserver@1.0.0 start: `node server.js "server.js"`
22 error Exit status 1
23 error Failed at the atulserver@1.0.0 start script 'node server.js "server.js"'.
23 error Make sure you have the latest version of node.js and npm installed.
23 error If you do, this is most likely a problem with the atulserver package,
23 error not with npm itself.
23 error Tell the author that this fails on your system:
23 error     node server.js "server.js"
23 error You can get information on how to open an issue for this project with:
23 error     npm bugs atulserver
23 error Or if that isn't available, you can get their info via:
23 error     npm owner ls atulserver
23 error There is likely additional logging output above.
24 verbose exit [ 1, true ]
